<?xml version="1.0" encoding="UTF-8"?>
<testng-results ignored="0" total="1" passed="1" failed="0" skipped="0">
  <reporter-output>
  </reporter-output>
  <suite started-at="2025-03-05T14:57:11 IST" name="Default suite" finished-at="2025-03-05T14:57:54 IST" duration-ms="43016">
    <groups>
    </groups>
    <test started-at="2025-03-05T14:57:11 IST" name="Default test" finished-at="2025-03-05T14:57:54 IST" duration-ms="43016">
      <class name="Tests.NakuriUpdateTest">
        <test-method signature="Nakuriupdate()[pri:0, instance:Tests.NakuriUpdateTest@33d512c1]" started-at="2025-03-05T14:57:11 IST" name="Nakuriupdate" finished-at="2025-03-05T14:57:54 IST" duration-ms="42965" status="PASS">
          <reporter-output>
          </reporter-output>
        </test-method> <!-- Nakuriupdate -->
      </class> <!-- Tests.NakuriUpdateTest -->
    </test> <!-- Default test -->
  </suite> <!-- Default suite -->
</testng-results>
